\BOOKMARK [0][-]{Doc-Start}{Halaman\040Judul}{}% 1
\BOOKMARK [0][-]{chapter*.1}{Pengesahan}{}% 2
\BOOKMARK [0][-]{chapter*.2}{Persetujuan\040Penguji}{}% 3
\BOOKMARK [0][-]{chapter*.4}{Pernyataan\040Keaslian\040Skripsi}{}% 4
\BOOKMARK [0][-]{chapter*.8}{Ringkasan}{}% 5
\BOOKMARK [0][-]{chapter*.9}{Kata\040Pengantar}{}% 6
\BOOKMARK [0][-]{chapter.13}{Pendahuluan}{}% 7
\BOOKMARK [1][-]{section.14}{Latar\040Belakang\040Masalah}{chapter.13}% 8
\BOOKMARK [1][-]{section.15}{Batasan\040Masalah}{chapter.13}% 9
\BOOKMARK [1][-]{section.16}{Rumusan\040Masalah}{chapter.13}% 10
\BOOKMARK [1][-]{section.17}{Tujuan\040Penelitian}{chapter.13}% 11
\BOOKMARK [1][-]{section.18}{Manfaat\040Penelitian}{chapter.13}% 12
\BOOKMARK [1][-]{section.19}{Definisi\040Operasional}{chapter.13}% 13
\BOOKMARK [0][-]{chapter.20}{Kajian\040Pustaka}{}% 14
\BOOKMARK [1][-]{section.21}{Kajian\040Teori}{chapter.20}% 15
\BOOKMARK [1][-]{section.22}{Peta\040Pengembangan\040Produk}{chapter.20}% 16
\BOOKMARK [1][-]{section.23}{Kajian\040Penelitian\040yang\040Relevan}{chapter.20}% 17
\BOOKMARK [1][-]{section.24}{Tujuan\040Penelitian}{chapter.20}% 18
\BOOKMARK [1][-]{section.25}{Kerangka\040Berpikir}{chapter.20}% 19
\BOOKMARK [0][-]{chapter.26}{Metode\040Penelitian}{}% 20
\BOOKMARK [1][-]{section.27}{Model\040Pengembangan}{chapter.26}% 21
\BOOKMARK [1][-]{section.28}{Prosedur\040Pengembangan}{chapter.26}% 22
\BOOKMARK [1][-]{section.29}{Teknik\040dan\040Instrumen\040Pengumpulan\040Data}{chapter.26}% 23
\BOOKMARK [1][-]{section.30}{Teknik\040Analisis\040Data}{chapter.26}% 24
\BOOKMARK [0][-]{chapter.31}{Analisis\040Temuan\040dan\040Pembahasan}{}% 25
\BOOKMARK [1][-]{section.32}{Hasil\040Penelitian}{chapter.31}% 26
\BOOKMARK [1][-]{section.33}{Proses\040Uji\040Coba\040Produk}{chapter.31}% 27
\BOOKMARK [1][-]{section.34}{Keunggulan\040Aplikasi}{chapter.31}% 28
\BOOKMARK [0][-]{chapter.35}{Penutup}{}% 29
\BOOKMARK [1][-]{section.36}{Simpulan}{chapter.35}% 30
\BOOKMARK [1][-]{section.37}{Saran}{chapter.35}% 31
\BOOKMARK [0][-]{appendix*.38}{Daftar\040Pustaka}{}% 32
